<?xml version="1.0" encoding="UTF-8"?>
<!-- Generated by org.testng.reporters.JUnitReportReporter -->
<testsuite skipped="0" hostname="User-pc" name="TestCases.LoginORHM" tests="1" failures="0" timestamp="1 Mar 2021 09:11:51 GMT" time="68.306" errors="0">
  <testcase name="login" time="68.306" classname="TestCases.LoginORHM"/>
</testsuite> <!-- TestCases.LoginORHM -->
