<?xml version="1.0" encoding="UTF-8"?>
<!-- Generated by org.testng.reporters.JUnitReportReporter -->
<testsuite skipped="0" hostname="User-pc" name="TestCases.PageLoadTime" tests="1" failures="0" timestamp="1 Mar 2021 09:11:51 GMT" time="49.917" errors="0">
  <testcase name="Pageload" time="49.917" classname="TestCases.PageLoadTime"/>
</testsuite> <!-- TestCases.PageLoadTime -->
